0 info it worked if it ends with ok
1 verbose cli [
1 verbose cli   'C:\\Program Files\\nodejs\\node.exe',
1 verbose cli   'C:\\Users\\acer\\Desktop\\MM2\\node_modules\\npm\\bin\\npm-cli.js',
1 verbose cli   'run',
1 verbose cli   'lint:client'
1 verbose cli ]
2 info using npm@2.15.12
3 info using node@v22.9.0
4 verbose run-script [ 'prelint:client', 'lint:client', 'postlint:client' ]
5 info prelint:client mern-project@1.0.0
6 info lint:client mern-project@1.0.0
7 verbose unsafe-perm in lifecycle true
8 info mern-project@1.0.0 Failed to exec lint:client script
9 verbose stack Error: mern-project@1.0.0 lint:client: `cd client && npm run lint`
9 verbose stack Exit status 1
9 verbose stack     at EventEmitter.<anonymous> (C:\Users\acer\Desktop\MM2\node_modules\npm\lib\utils\lifecycle.js:217:16)
9 verbose stack     at EventEmitter.emit (node:events:519:28)
9 verbose stack     at ChildProcess.<anonymous> (C:\Users\acer\Desktop\MM2\node_modules\npm\lib\utils\spawn.js:24:14)
9 verbose stack     at ChildProcess.emit (node:events:519:28)
9 verbose stack     at maybeClose (node:internal/child_process:1104:16)
9 verbose stack     at ChildProcess._handle.onexit (node:internal/child_process:304:5)
10 verbose pkgid mern-project@1.0.0
11 verbose cwd C:\Users\acer\Desktop\MM2
12 error Windows_NT 10.0.22631
13 error argv "C:\\Program Files\\nodejs\\node.exe" "C:\\Users\\acer\\Desktop\\MM2\\node_modules\\npm\\bin\\npm-cli.js" "run" "lint:client"
14 error node v22.9.0
15 error npm  v2.15.12
16 error code ELIFECYCLE
17 error mern-project@1.0.0 lint:client: `cd client && npm run lint`
17 error Exit status 1
18 error Failed at the mern-project@1.0.0 lint:client script 'cd client && npm run lint'.
18 error This is most likely a problem with the mern-project package,
18 error not with npm itself.
18 error Tell the author that this fails on your system:
18 error     cd client && npm run lint
18 error You can get information on how to open an issue for this project with:
18 error     npm bugs mern-project
18 error Or if that isn't available, you can get their info via:
18 error
18 error     npm owner ls mern-project
18 error There is likely additional logging output above.
19 verbose exit [ 1, true ]
